Using pre-set license
Built from '2020.3/staging' branch; Version is '2020.3.20f1 (41c4e627c95f) revision 4310246'; Using compiler version '192528614'; Build Type 'Release'
OS: 'Windows 10 Pro; OS build 19042.1110; Version 2009; 64bit' Language: 'en' Physical Memory: 32581 MB
BatchMode: 1, IsHumanControllingUs: 0, StartBugReporterOnCrash: 0, Is64bit: 1, IsPro: 0

COMMAND LINE ARGUMENTS:
C:\Program Files\Unity\Hub\Editor\2020.3.20f1\Editor\Unity.exe
-adb2
-batchMode
-noUpm
-name
AssetImportWorker0
-projectPath
C:/Users/ac01656/Desktop/vr-room-project-ArvinChau-9d15fe8050d8f614cac819f3637b020e4d4e6495
-logFile
Logs/AssetImportWorker0.log
-srvPort
64303
Successfully changed project path to: C:/Users/ac01656/Desktop/vr-room-project-ArvinChau-9d15fe8050d8f614cac819f3637b020e4d4e6495
C:/Users/ac01656/Desktop/vr-room-project-ArvinChau-9d15fe8050d8f614cac819f3637b020e4d4e6495
Using Asset Import Pipeline V2.
Refreshing native plugins compatible for Editor in 74.70 ms, found 10 plugins.
Preloading 1 native plugins for Editor in 0.86 ms.
Initialize engine version: 2020.3.20f1 (41c4e627c95f)
[Subsystems] Discovering subsystems at path C:/Program Files/Unity/Hub/Editor/2020.3.20f1/Editor/Data/Resources/UnitySubsystems
[Subsystems] Discovering subsystems at path C:/Users/ac01656/Desktop/vr-room-project-ArvinChau-9d15fe8050d8f614cac819f3637b020e4d4e6495/Assets
GfxDevice: creating device client; threaded=0
Direct3D:
    Version:  Direct3D 11.0 [level 11.1]
    Renderer: NVIDIA Quadro P620 (ID=0x1cbd)
    Vendor:   
    VRAM:     4021 MB
    Driver:   27.21.14.6230
Initialize mono
Mono path[0] = 'C:/Program Files/Unity/Hub/Editor/2020.3.20f1/Editor/Data/Managed'
Mono path[1] = 'C:/Program Files/Unity/Hub/Editor/2020.3.20f1/Editor/Data/MonoBleedingEdge/lib/mono/unityjit'
Mono config path = 'C:/Program Files/Unity/Hub/Editor/2020.3.20f1/Editor/Data/MonoBleedingEdge/etc'
Using monoOptions --debugger-agent=transport=dt_socket,embedding=1,server=y,suspend=n,address=127.0.0.1:56088
Begin MonoManager ReloadAssembly
Registering precompiled unity dll's ...
Register platform support module: C:/Program Files/Unity/Hub/Editor/2020.3.20f1/Editor/Data/PlaybackEngines/WindowsStandaloneSupport/UnityEditor.WindowsStandalone.Extensions.dll
Registered in 0.001749 seconds.
Native extension for WindowsStandalone target not found
Refreshing native plugins compatible for Editor in 60.11 ms, found 10 plugins.
Preloading 1 native plugins for Editor in 0.07 ms.
Mono: successfully reloaded assembly
- Completed reload, in  1.738 seconds
Domain Reload Profiling:
	ReloadAssembly (1738ms)
		BeginReloadAssembly (57ms)
			ExecutionOrderSort (0ms)
			DisableScriptedObjects (0ms)
			BackupInstance (0ms)
			ReleaseScriptingObjects (0ms)
			CreateAndSetChildDomain (1ms)
		EndReloadAssembly (411ms)
			LoadAssemblies (54ms)
			RebuildTransferFunctionScriptingTraits (0ms)
			SetupTypeCache (137ms)
			ReleaseScriptCaches (0ms)
			RebuildScriptCaches (29ms)
			SetupLoadedEditorAssemblies (178ms)
				LogAssemblyErrors (0ms)
				InitializePlatformSupportModulesInManaged (4ms)
				SetLoadedEditorAssemblies (0ms)
				RefreshPlugins (60ms)
				BeforeProcessingInitializeOnLoad (15ms)
				ProcessInitializeOnLoadAttributes (72ms)
				ProcessInitializeOnLoadMethodAttributes (26ms)
				AfterProcessingInitializeOnLoad (0ms)
				EditorAssembliesLoaded (0ms)
			ExecutionOrderSort2 (0ms)
			AwakeInstancesAfterBackupRestoration (0ms)
Platform modules already initialized, skipping
Registering precompiled user dll's ...
Registered in 0.009569 seconds.
Begin MonoManager ReloadAssembly
Native extension for WindowsStandalone target not found
Refreshing native plugins compatible for Editor in 66.16 ms, found 10 plugins.
Preloading 1 native plugins for Editor in 0.09 ms.
[XR] OculusXRPlugin: registering subsystems
[XR] Unable to register display lifecyle provider: [1]
[XR] Oculus Input lifecycle provider registered.
[XR] Unable to register input lifecyle provider: [1]
System.Reflection.TargetInvocationException: Exception has been thrown by the target of an invocation. ---> System.NullReferenceException: Object reference not set to an instance of an object
  at Unity.XR.Oculus.OculusLoader.AssetPathToAbsolutePath (System.String assetPath) [0x00048] in C:\Users\ac01656\Desktop\vr-room-project-ArvinChau-9d15fe8050d8f614cac819f3637b020e4d4e6495\Library\PackageCache\com.unity.xr.oculus@1.10.0\Runtime\OculusLoader.cs:250 
  at Unity.XR.Oculus.OculusLoader.EditorLoadOVRPlugin () [0x0007b] in C:\Users\ac01656\Desktop\vr-room-project-ArvinChau-9d15fe8050d8f614cac819f3637b020e4d4e6495\Library\PackageCache\com.unity.xr.oculus@1.10.0\Runtime\OculusLoader.cs:235 
  at (wrapper managed-to-native) System.Reflection.MonoMethod.InternalInvoke(System.Reflection.MonoMethod,object,object[],System.Exception&)
  at System.Reflection.MonoMethod.Invoke (System.Object obj, System.Reflection.BindingFlags invokeAttr, System.Reflection.Binder binder, System.Object[] parameters, System.Globalization.CultureInfo culture) [0x00032] in <695d1cc93cca45069c528c15c9fdd749>:0 
   --- End of inner exception stack trace ---
  at System.Reflection.MonoMethod.Invoke (System.Object obj, System.Reflection.BindingFlags invokeAttr, System.Reflection.Binder binder, System.Object[] parameters, System.Globalization.CultureInfo culture) [0x00048] in <695d1cc93cca45069c528c15c9fdd749>:0 
  at System.Reflection.MethodBase.Invoke (System.Object obj, System.Object[] parameters) [0x00000] in <695d1cc93cca45069c528c15c9fdd749>:0 
  at UnityEditor.EditorAssemblies.ProcessInitializeOnLoadMethodAttributes () [0x00047] in <83a38f5397d94e36a22efa3369c82390>:0 
UnityEngine.StackTraceUtility:ExtractStackTrace ()
UnityEngine.DebugLogHandler:LogFormat (UnityEngine.LogType,UnityEngine.Object,string,object[])
UnityEngine.Logger:Log (UnityEngine.LogType,object)
UnityEngine.Debug:LogError (object)
UnityEditor.EditorAssemblies:ProcessInitializeOnLoadMethodAttributes ()

Mono: successfully reloaded assembly
- Completed reload, in  1.200 seconds
Domain Reload Profiling:
	ReloadAssembly (1201ms)
		BeginReloadAssembly (129ms)
			ExecutionOrderSort (0ms)
			DisableScriptedObjects (4ms)
			BackupInstance (0ms)
			ReleaseScriptingObjects (0ms)
			CreateAndSetChildDomain (18ms)
		EndReloadAssembly (1016ms)
			LoadAssemblies (85ms)
			RebuildTransferFunctionScriptingTraits (0ms)
			SetupTypeCache (301ms)
			ReleaseScriptCaches (1ms)
			RebuildScriptCaches (53ms)
			SetupLoadedEditorAssemblies (441ms)
				LogAssemblyErrors (0ms)
				InitializePlatformSupportModulesInManaged (3ms)
				SetLoadedEditorAssemblies (0ms)
				RefreshPlugins (66ms)
				BeforeProcessingInitializeOnLoad (107ms)
				ProcessInitializeOnLoadAttributes (245ms)
				ProcessInitializeOnLoadMethodAttributes (14ms)
				AfterProcessingInitializeOnLoad (5ms)
				EditorAssembliesLoaded (0ms)
			ExecutionOrderSort2 (0ms)
			AwakeInstancesAfterBackupRestoration (5ms)
Platform modules already initialized, skipping
========================================================================
Worker process is ready to serve import requests
Launched and connected shader compiler UnityShaderCompiler.exe after 0.06 seconds
Refreshing native plugins compatible for Editor in 0.98 ms, found 10 plugins.
Preloading 1 native plugins for Editor in 0.10 ms.
Unloading 3599 Unused Serialized files (Serialized files now loaded: 0)
System memory in use before: 157.6 MB.
System memory in use after: 157.8 MB.

Unloading 39 unused Assets to reduce memory usage. Loaded Objects now: 4040.
Total: 5.720900 ms (FindLiveObjects: 0.320200 ms CreateObjectMapping: 0.214000 ms MarkObjects: 5.072700 ms  DeleteObjects: 0.112700 ms)

AssetImportParameters requested are different than current active one (requested -> active):
  custom:framework-win-MediaFoundation: 216162199b28c13a410421893ffa2e32 -> 
  custom:video-decoder-ogg-theora: a1e56fd34408186e4bbccfd4996cb3dc -> 
  custom:container-muxer-webm: aa71ff27fc2769a1b78a27578f13a17b -> 
  custom:container-demuxer-webm: 4f35f7cbe854078d1ac9338744f61a02 -> 
  custom:container-demuxer-ogg: 62fdf1f143b41e24485cea50d1cbac27 -> 
  custom:video-encoder-webm-vp8: eb34c28f22e8b96e1ab97ce403110664 -> 
  custom:video-codec-MediaFoundation-h265: 746d11721c4dcdbdad8f713fa42b33f4 -> 
  custom:video-decoder-webm-vp8: 9c59270c3fd7afecdb556c50c9e8de78 -> 
  custom:audio-decoder-ogg-vorbis: bf7c407c2cedff20999df2af8eb42d56 -> 
  custom:audio-encoder-webm-vorbis: bf7c407c2cedff20999df2af8eb42d56 -> 
========================================================================
Received Import Request.
  path: Assets/Climbing Wall.prefab
  artifactKey: Guid(c42cb90e096639440823099fcb8b384e) Importer(815301076,1909f56bfc062723c751e8b465ee728b)
Start importing Assets/Climbing Wall.prefab using Guid(c42cb90e096639440823099fcb8b384e) Importer(815301076,1909f56bfc062723c751e8b465ee728b)  -> (artifact id: 'dcf42ff546107657ceb81d3a3ba1b44c') in 0.045144 seconds 
  Import took 0.050435 seconds .

========================================================================
Received Import Request.
  Time since last request: 63.807276 seconds.
  path: Assets/wallfull.fbx
  artifactKey: Guid(109ee30e0145cc34492ebff8de611e7d) Importer(815301076,1909f56bfc062723c751e8b465ee728b)
Start importing Assets/wallfull.fbx using Guid(109ee30e0145cc34492ebff8de611e7d) Importer(815301076,1909f56bfc062723c751e8b465ee728b)  -> (artifact id: 'fb259063ce2b552408365118cf602ad8') in 0.584266 seconds 
  Import took 0.589983 seconds .

========================================================================
Received Import Request.
  Time since last request: 3.518911 seconds.
  path: Assets/_Course Library/Models/Ball_Baseball.fbx
  artifactKey: Guid(40e4cec1d817dec42843bf5cff0ef4d4) Importer(815301076,1909f56bfc062723c751e8b465ee728b)
Start importing Assets/_Course Library/Models/Ball_Baseball.fbx using Guid(40e4cec1d817dec42843bf5cff0ef4d4) Importer(815301076,1909f56bfc062723c751e8b465ee728b)  -> (artifact id: '13357513b574a51a3b30b3d2eb16aa43') in 0.034640 seconds 
  Import took 0.040318 seconds .

========================================================================
Received Import Request.
  Time since last request: 0.000190 seconds.
  path: Assets/_Course Library/Models/Ball_Cricket.fbx
  artifactKey: Guid(dda8659e0174c6048852838fad15ddfa) Importer(815301076,1909f56bfc062723c751e8b465ee728b)
Start importing Assets/_Course Library/Models/Ball_Cricket.fbx using Guid(dda8659e0174c6048852838fad15ddfa) Importer(815301076,1909f56bfc062723c751e8b465ee728b)  -> (artifact id: 'fcec4b51a4d9b4f42f581a8eae3d27d8') in 0.030413 seconds 
  Import took 0.035618 seconds .

========================================================================
Received Import Request.
  Time since last request: 0.000308 seconds.
  path: Assets/_Course Library/Models/Bin_A_1.fbx
  artifactKey: Guid(f2110f23f107b174186bdcb3d376b30c) Importer(815301076,1909f56bfc062723c751e8b465ee728b)
Start importing Assets/_Course Library/Models/Bin_A_1.fbx using Guid(f2110f23f107b174186bdcb3d376b30c) Importer(815301076,1909f56bfc062723c751e8b465ee728b)  -> (artifact id: 'e2bdf1fdf209aa0e09e6e85f2d138796') in 0.027901 seconds 
  Import took 0.033249 seconds .

========================================================================
Received Import Request.
  Time since last request: 0.000248 seconds.
  path: Assets/_Course Library/Models/Bin_A_2.fbx
  artifactKey: Guid(cc232384fdabfcd4495a8fc87e275cfd) Importer(815301076,1909f56bfc062723c751e8b465ee728b)
Start importing Assets/_Course Library/Models/Bin_A_2.fbx using Guid(cc232384fdabfcd4495a8fc87e275cfd) Importer(815301076,1909f56bfc062723c751e8b465ee728b)  -> (artifact id: 'fec24040e4f77d8503378f54f5d3975c') in 0.027411 seconds 
  Import took 0.032572 seconds .

========================================================================
Received Import Request.
  Time since last request: 0.000208 seconds.
  path: Assets/_Course Library/Models/Bin_B_2.fbx
  artifactKey: Guid(518df1129d5b1fe4d9f4bce622b1011b) Importer(815301076,1909f56bfc062723c751e8b465ee728b)
Start importing Assets/_Course Library/Models/Bin_B_2.fbx using Guid(518df1129d5b1fe4d9f4bce622b1011b) Importer(815301076,1909f56bfc062723c751e8b465ee728b)  -> (artifact id: '6df278b32eefde25aac3d790e6187d0f') in 0.026879 seconds 
  Import took 0.031877 seconds .

========================================================================
Received Import Request.
  Time since last request: 0.000265 seconds.
  path: Assets/_Course Library/Models/Ball_Pingpong.fbx
  artifactKey: Guid(3237f124fd401c146981f5411d5e48cb) Importer(815301076,1909f56bfc062723c751e8b465ee728b)
Start importing Assets/_Course Library/Models/Ball_Pingpong.fbx using Guid(3237f124fd401c146981f5411d5e48cb) Importer(815301076,1909f56bfc062723c751e8b465ee728b)  -> (artifact id: 'ce67b560781f975c2fc5139ef1f4fad6') in 0.026971 seconds 
  Import took 0.032068 seconds .

========================================================================
Received Import Request.
  Time since last request: 0.000258 seconds.
  path: Assets/_Course Library/Models/Bin_B_3.fbx
  artifactKey: Guid(9f64811e76fa71149b69f8a24ef0d061) Importer(815301076,1909f56bfc062723c751e8b465ee728b)
Start importing Assets/_Course Library/Models/Bin_B_3.fbx using Guid(9f64811e76fa71149b69f8a24ef0d061) Importer(815301076,1909f56bfc062723c751e8b465ee728b)  -> (artifact id: '97faf10e8baab1e02b02cd3cd3ad305a') in 0.027730 seconds 
  Import took 0.032457 seconds .

========================================================================
Received Import Request.
  Time since last request: 0.000238 seconds.
  path: Assets/_Course Library/Models/Bin_B_1.fbx
  artifactKey: Guid(b906d7d1081bedc43ab2158c09239d19) Importer(815301076,1909f56bfc062723c751e8b465ee728b)
Start importing Assets/_Course Library/Models/Bin_B_1.fbx using Guid(b906d7d1081bedc43ab2158c09239d19) Importer(815301076,1909f56bfc062723c751e8b465ee728b)  -> (artifact id: '710c92a11478c9407591c66adf96c0e8') in 0.028890 seconds 
  Import took 0.033865 seconds .

========================================================================
Received Import Request.
  Time since last request: 1.623073 seconds.
  path: Assets/_Course Library/Models/Lamp_Wall_1.fbx
  artifactKey: Guid(927ae7e9d26768c478c940a750247813) Importer(815301076,1909f56bfc062723c751e8b465ee728b)
Start importing Assets/_Course Library/Models/Lamp_Wall_1.fbx using Guid(927ae7e9d26768c478c940a750247813) Importer(815301076,1909f56bfc062723c751e8b465ee728b)  -> (artifact id: 'b1d004371bf09fb39cb7afd7c5540e23') in 0.028129 seconds 
  Import took 0.033499 seconds .

========================================================================
Received Import Request.
  Time since last request: 0.000262 seconds.
  path: Assets/_Course Library/Models/RoomTraditional_Models/Room_Traditional_All.fbx
  artifactKey: Guid(215119b6893ae7d4b890c9acaa834b89) Importer(815301076,1909f56bfc062723c751e8b465ee728b)
Start importing Assets/_Course Library/Models/RoomTraditional_Models/Room_Traditional_All.fbx using Guid(215119b6893ae7d4b890c9acaa834b89) Importer(815301076,1909f56bfc062723c751e8b465ee728b)  -> (artifact id: 'd161d64e93c9ced6bec41962df77bea6') in 0.110875 seconds 
  Import took 0.115796 seconds .

========================================================================
Received Import Request.
  Time since last request: 0.000275 seconds.
  path: Assets/_Course Library/Models/Lamp_Wall_2.fbx
  artifactKey: Guid(15cd8819c9f72a845acf8ccb7487b837) Importer(815301076,1909f56bfc062723c751e8b465ee728b)
Start importing Assets/_Course Library/Models/Lamp_Wall_2.fbx using Guid(15cd8819c9f72a845acf8ccb7487b837) Importer(815301076,1909f56bfc062723c751e8b465ee728b)  -> (artifact id: 'f93003d5d702324fc3c323f98419bf52') in 0.040021 seconds 
  Import took 0.044678 seconds .

========================================================================
Received Import Request.
  Time since last request: 0.000247 seconds.
  path: Assets/_Course Library/Models/RoomRustic_Models/Room_Rustic_All.fbx
  artifactKey: Guid(5b7378af8ebeb2c4b9ba1624fe8ce998) Importer(815301076,1909f56bfc062723c751e8b465ee728b)
Start importing Assets/_Course Library/Models/RoomRustic_Models/Room_Rustic_All.fbx using Guid(5b7378af8ebeb2c4b9ba1624fe8ce998) Importer(815301076,1909f56bfc062723c751e8b465ee728b)  -> (artifact id: '08b6dcdd5c058d04c04b6f63383b7552') in 0.080107 seconds 
  Import took 0.084859 seconds .

========================================================================
Received Import Request.
  Time since last request: 0.000282 seconds.
  path: Assets/_Course Library/Models/RoomModern_Models/Room_Modern_All.FBX
  artifactKey: Guid(be28df98030e8f64591e136832fc9829) Importer(815301076,1909f56bfc062723c751e8b465ee728b)
Start importing Assets/_Course Library/Models/RoomModern_Models/Room_Modern_All.FBX using Guid(be28df98030e8f64591e136832fc9829) Importer(815301076,1909f56bfc062723c751e8b465ee728b)  -> (artifact id: '64114ecff915d52e8e4b135deaf8822c') in 0.072867 seconds 
  Import took 0.077763 seconds .

========================================================================
Received Import Request.
  Time since last request: 174.998873 seconds.
  path: Assets/_Course Library/Models/Container_WateringCan.fbx
  artifactKey: Guid(d569962d51477d94a8f8502b1f740b3f) Importer(815301076,1909f56bfc062723c751e8b465ee728b)
Start importing Assets/_Course Library/Models/Container_WateringCan.fbx using Guid(d569962d51477d94a8f8502b1f740b3f) Importer(815301076,1909f56bfc062723c751e8b465ee728b)  -> (artifact id: 'a9ceb1cb29ee2edc002fe605ad95799e') in 0.028760 seconds 
  Import took 0.035011 seconds .

========================================================================
Received Import Request.
  Time since last request: 31.793814 seconds.
  path: Assets/_Course Library/Models/Speaker_Boombox.fbx
  artifactKey: Guid(b0befbd5b40c17d4c90a8db749239bb1) Importer(815301076,1909f56bfc062723c751e8b465ee728b)
Start importing Assets/_Course Library/Models/Speaker_Boombox.fbx using Guid(b0befbd5b40c17d4c90a8db749239bb1) Importer(815301076,1909f56bfc062723c751e8b465ee728b)  -> (artifact id: '073674760d81e8c1144b805152ecb08f') in 0.038935 seconds 
  Import took 0.044500 seconds .

========================================================================
Received Import Request.
  Time since last request: 0.009020 seconds.
  path: Assets/_Course Library/Models/Backgrounds/BuldingBlock_1.fbx
  artifactKey: Guid(6740ac64e8805ed4991de696e52555ed) Importer(815301076,1909f56bfc062723c751e8b465ee728b)
Start importing Assets/_Course Library/Models/Backgrounds/BuldingBlock_1.fbx using Guid(6740ac64e8805ed4991de696e52555ed) Importer(815301076,1909f56bfc062723c751e8b465ee728b)  -> (artifact id: '95e3599647901ec76314be9dc5f17169') in 0.038060 seconds 
  Import took 0.043875 seconds .

========================================================================
Received Import Request.
  Time since last request: 0.000234 seconds.
  path: Assets/_Course Library/Models/Backgrounds/BuldingBlock_2.fbx
  artifactKey: Guid(fafbe2be630728948b3232d286fcfec1) Importer(815301076,1909f56bfc062723c751e8b465ee728b)
Start importing Assets/_Course Library/Models/Backgrounds/BuldingBlock_2.fbx using Guid(fafbe2be630728948b3232d286fcfec1) Importer(815301076,1909f56bfc062723c751e8b465ee728b)  -> (artifact id: '825f2ff79dcef0c84d52201751d4b1e2') in 0.027939 seconds 
  Import took 0.033274 seconds .

========================================================================
Received Import Request.
  Time since last request: 0.011758 seconds.
  path: Assets/_Course Library/Models/Backgrounds/BuldingBlock_3.fbx
  artifactKey: Guid(eeadb852347da4b4386bf85763d80980) Importer(815301076,1909f56bfc062723c751e8b465ee728b)
Start importing Assets/_Course Library/Models/Backgrounds/BuldingBlock_3.fbx using Guid(eeadb852347da4b4386bf85763d80980) Importer(815301076,1909f56bfc062723c751e8b465ee728b)  -> (artifact id: '5d0536130b280b0ed92e6fa847311298') in 0.027859 seconds 
  Import took 0.033250 seconds .

========================================================================
Received Import Request.
  Time since last request: 0.000294 seconds.
  path: Assets/_Course Library/Models/Button_Next.fbx
  artifactKey: Guid(b065673e4a3ed054e9d7f2713980b30a) Importer(815301076,1909f56bfc062723c751e8b465ee728b)
Start importing Assets/_Course Library/Models/Button_Next.fbx using Guid(b065673e4a3ed054e9d7f2713980b30a) Importer(815301076,1909f56bfc062723c751e8b465ee728b)  -> (artifact id: '51f2c85afa231068318f7dafdaff6ebf') in 0.028007 seconds 
  Import took 0.033084 seconds .

========================================================================
Received Import Request.
  Time since last request: 0.389491 seconds.
  path: Assets/_Course Library/Models/Button_Pause.fbx
  artifactKey: Guid(b29014f100d952745a4548e8069f1d95) Importer(815301076,1909f56bfc062723c751e8b465ee728b)
Start importing Assets/_Course Library/Models/Button_Pause.fbx using Guid(b29014f100d952745a4548e8069f1d95) Importer(815301076,1909f56bfc062723c751e8b465ee728b)  -> (artifact id: '7ddee3616df227a041a0e4116179fafe') in 0.030986 seconds 
  Import took 0.037511 seconds .

========================================================================
Received Import Request.
  Time since last request: 0.000192 seconds.
  path: Assets/_Course Library/Models/Button_Play.fbx
  artifactKey: Guid(d8793a748e79fa64fb6518525754b624) Importer(815301076,1909f56bfc062723c751e8b465ee728b)
Start importing Assets/_Course Library/Models/Button_Play.fbx using Guid(d8793a748e79fa64fb6518525754b624) Importer(815301076,1909f56bfc062723c751e8b465ee728b)  -> (artifact id: '18e54efb41662933e332976d122da4cf') in 0.031339 seconds 
  Import took 0.037542 seconds .

========================================================================
Received Import Request.
  Time since last request: 0.000214 seconds.
  path: Assets/_Course Library/Models/Button_Stop.fbx
  artifactKey: Guid(a97a09eb96fbe1f4d94a736d7cec73fe) Importer(815301076,1909f56bfc062723c751e8b465ee728b)
Start importing Assets/_Course Library/Models/Button_Stop.fbx using Guid(a97a09eb96fbe1f4d94a736d7cec73fe) Importer(815301076,1909f56bfc062723c751e8b465ee728b)  -> (artifact id: 'e75a724b812f5589460d575260809a25') in 0.029394 seconds 
  Import took 0.034601 seconds .

========================================================================
Received Import Request.
  Time since last request: 0.000280 seconds.
  path: Assets/_Course Library/Models/Cabinet_Modern_B.fbx
  artifactKey: Guid(332ad90e44467c44a81dea0f29d07765) Importer(815301076,1909f56bfc062723c751e8b465ee728b)
Start importing Assets/_Course Library/Models/Cabinet_Modern_B.fbx using Guid(332ad90e44467c44a81dea0f29d07765) Importer(815301076,1909f56bfc062723c751e8b465ee728b)  -> (artifact id: '6d5cdbee4dcf1e93c431ba2b21db3762') in 0.050280 seconds 
  Import took 0.055492 seconds .

========================================================================
Received Import Request.
  Time since last request: 0.001994 seconds.
  path: Assets/_Course Library/Models/Cabinet_Traditional.fbx
  artifactKey: Guid(607380a30bf2d1d418836bcf8ea20328) Importer(815301076,1909f56bfc062723c751e8b465ee728b)
Start importing Assets/_Course Library/Models/Cabinet_Traditional.fbx using Guid(607380a30bf2d1d418836bcf8ea20328) Importer(815301076,1909f56bfc062723c751e8b465ee728b)  -> (artifact id: '1f79d6aef44b7f26981f3dcda8bfd86c') in 0.050571 seconds 
  Import took 0.055942 seconds .

========================================================================
Received Import Request.
  Time since last request: 0.222020 seconds.
  path: Assets/_Course Library/Models/Object_Camera.fbx
  artifactKey: Guid(d13e3f2de1c595a43b1bf16f84f14ad9) Importer(815301076,1909f56bfc062723c751e8b465ee728b)
Start importing Assets/_Course Library/Models/Object_Camera.fbx using Guid(d13e3f2de1c595a43b1bf16f84f14ad9) Importer(815301076,1909f56bfc062723c751e8b465ee728b)  -> (artifact id: '8ecccf39a202afafcd2bf7a6313bf665') in 0.050813 seconds 
  Import took 0.057847 seconds .

========================================================================
Received Import Request.
  Time since last request: 0.000264 seconds.
  path: Assets/_Course Library/Models/Chair_Modern.fbx
  artifactKey: Guid(54de80ef7ba578842b2dbc6098b94a74) Importer(815301076,1909f56bfc062723c751e8b465ee728b)
Start importing Assets/_Course Library/Models/Chair_Modern.fbx using Guid(54de80ef7ba578842b2dbc6098b94a74) Importer(815301076,1909f56bfc062723c751e8b465ee728b)  -> (artifact id: 'f7d36d96775d509cba040ded0c85abd7') in 0.029014 seconds 
  Import took 0.034891 seconds .

========================================================================
Received Import Request.
  Time since last request: 0.000314 seconds.
  path: Assets/_Course Library/Models/Chair_Modern_B.fbx
  artifactKey: Guid(a99bfce40f8f44647a68dc0babb8e395) Importer(815301076,1909f56bfc062723c751e8b465ee728b)
Start importing Assets/_Course Library/Models/Chair_Modern_B.fbx using Guid(a99bfce40f8f44647a68dc0babb8e395) Importer(815301076,1909f56bfc062723c751e8b465ee728b)  -> (artifact id: '885ce4974927c295836f3a25ad5680f9') in 0.034282 seconds 
  Import took 0.039851 seconds .

========================================================================
Received Import Request.
  Time since last request: 0.000283 seconds.
  path: Assets/_Course Library/Models/Chair_Rustic_B.fbx
  artifactKey: Guid(524a1d56c9e4b094ab81b571f753ce16) Importer(815301076,1909f56bfc062723c751e8b465ee728b)
Start importing Assets/_Course Library/Models/Chair_Rustic_B.fbx using Guid(524a1d56c9e4b094ab81b571f753ce16) Importer(815301076,1909f56bfc062723c751e8b465ee728b)  -> (artifact id: '072fb427a0314664ba40fd6307bc9df3') in 0.031199 seconds 
  Import took 0.036442 seconds .

========================================================================
Received Import Request.
  Time since last request: 0.000220 seconds.
  path: Assets/_Course Library/Models/Chair_Traditional_B.fbx
  artifactKey: Guid(c85425214953d3e458c75798dc76fde9) Importer(815301076,1909f56bfc062723c751e8b465ee728b)
Start importing Assets/_Course Library/Models/Chair_Traditional_B.fbx using Guid(c85425214953d3e458c75798dc76fde9) Importer(815301076,1909f56bfc062723c751e8b465ee728b)  -> (artifact id: 'a1a1bb2f1e9f4522b4f0b25416b36d53') in 0.046939 seconds 
  Import took 0.053594 seconds .

========================================================================
Received Import Request.
  Time since last request: 0.000288 seconds.
  path: Assets/_Course Library/Models/Chair_Rustic.fbx
  artifactKey: Guid(8c1fb203490f1664ba9890dee69d5a12) Importer(815301076,1909f56bfc062723c751e8b465ee728b)
Start importing Assets/_Course Library/Models/Chair_Rustic.fbx using Guid(8c1fb203490f1664ba9890dee69d5a12) Importer(815301076,1909f56bfc062723c751e8b465ee728b)  -> (artifact id: 'df86b1de48f0fcba8f87b7c3ea66a376') in 0.039186 seconds 
  Import took 0.047988 seconds .

========================================================================
Received Import Request.
  Time since last request: 0.318437 seconds.
  path: Assets/_Course Library/Models/Chair_Traditional.fbx
  artifactKey: Guid(1c9f4d68760b3784b9ff57afcf8c2da3) Importer(815301076,1909f56bfc062723c751e8b465ee728b)
Start importing Assets/_Course Library/Models/Chair_Traditional.fbx using Guid(1c9f4d68760b3784b9ff57afcf8c2da3) Importer(815301076,1909f56bfc062723c751e8b465ee728b)  -> (artifact id: 'e405c9ab4c3c4354ce86fabc738f0b1a') in 0.031241 seconds 
  Import took 0.037216 seconds .

========================================================================
Received Import Request.
  Time since last request: 0.000268 seconds.
  path: Assets/_Course Library/Models/Chandalier_Modern.fbx
  artifactKey: Guid(8c6a7cdc75fd7ed46baea0f967191dc7) Importer(815301076,1909f56bfc062723c751e8b465ee728b)
Start importing Assets/_Course Library/Models/Chandalier_Modern.fbx using Guid(8c6a7cdc75fd7ed46baea0f967191dc7) Importer(815301076,1909f56bfc062723c751e8b465ee728b)  -> (artifact id: '8e761f61fa73b43c3e40d412eb126436') in 0.033641 seconds 
  Import took 0.038762 seconds .

========================================================================
Received Import Request.
  Time since last request: 0.001704 seconds.
  path: Assets/_Course Library/Models/Chandelier_Rustic.fbx
  artifactKey: Guid(18c0edda600483b4789dbdccc43b1e13) Importer(815301076,1909f56bfc062723c751e8b465ee728b)
Start importing Assets/_Course Library/Models/Chandelier_Rustic.fbx using Guid(18c0edda600483b4789dbdccc43b1e13) Importer(815301076,1909f56bfc062723c751e8b465ee728b)  -> (artifact id: '172407ec0564241c81357cecfe3ffc66') in 0.045379 seconds 
  Import took 0.050663 seconds .

========================================================================
Received Import Request.
  Time since last request: 0.000239 seconds.
  path: Assets/_Course Library/Models/Chest_Modern.fbx
  artifactKey: Guid(59f9d2be05e0a774899ba14b1f7a1203) Importer(815301076,1909f56bfc062723c751e8b465ee728b)
Start importing Assets/_Course Library/Models/Chest_Modern.fbx using Guid(59f9d2be05e0a774899ba14b1f7a1203) Importer(815301076,1909f56bfc062723c751e8b465ee728b)  -> (artifact id: '08a57410b4e56c1e8f96f312e41e651d') in 0.040858 seconds 
  Import took 0.045842 seconds .

========================================================================
Received Import Request.
  Time since last request: 0.000313 seconds.
  path: Assets/_Course Library/Models/Chandelier_Traditional.fbx
  artifactKey: Guid(30cbc3cd9a16fcc4d8c54a9aa698c080) Importer(815301076,1909f56bfc062723c751e8b465ee728b)
Start importing Assets/_Course Library/Models/Chandelier_Traditional.fbx using Guid(30cbc3cd9a16fcc4d8c54a9aa698c080) Importer(815301076,1909f56bfc062723c751e8b465ee728b)  -> (artifact id: '66b67d97e84a6528a8b8d542c0045a5d') in 0.027237 seconds 
  Import took 0.032165 seconds .

========================================================================
Received Import Request.
  Time since last request: 1.541116 seconds.
  path: Assets/_Course Library/Models/Knob_1.fbx
  artifactKey: Guid(87163ac1ec6d0c44eb1bec5a7e23bc5b) Importer(815301076,1909f56bfc062723c751e8b465ee728b)
Start importing Assets/_Course Library/Models/Knob_1.fbx using Guid(87163ac1ec6d0c44eb1bec5a7e23bc5b) Importer(815301076,1909f56bfc062723c751e8b465ee728b)  -> (artifact id: '691d7a60df9a24cb49e8d8f487937287') in 0.027713 seconds 
  Import took 0.033322 seconds .

========================================================================
Received Import Request.
  Time since last request: 0.000294 seconds.
  path: Assets/_Course Library/Models/RoomTraditional_Models/Room_Traditional_Door.fbx
  artifactKey: Guid(2f22d1a46ab261a4d9621f746d3a536c) Importer(815301076,1909f56bfc062723c751e8b465ee728b)
Start importing Assets/_Course Library/Models/RoomTraditional_Models/Room_Traditional_Door.fbx using Guid(2f22d1a46ab261a4d9621f746d3a536c) Importer(815301076,1909f56bfc062723c751e8b465ee728b)  -> (artifact id: '5e91599c830581b2bdc3f2d3cc895ad1') in 0.054140 seconds 
  Import took 0.058822 seconds .

========================================================================
Received Prepare
Registering precompiled user dll's ...
Registered in 0.599948 seconds.
Begin MonoManager ReloadAssembly
Native extension for WindowsStandalone target not found
Refreshing native plugins compatible for Editor in 0.86 ms, found 10 plugins.
Preloading 1 native plugins for Editor in 0.08 ms.
System.Reflection.TargetInvocationException: Exception has been thrown by the target of an invocation. ---> System.NullReferenceException: Object reference not set to an instance of an object
  at Unity.XR.Oculus.OculusLoader.AssetPathToAbsolutePath (System.String assetPath) [0x00048] in C:\Users\ac01656\Desktop\vr-room-project-ArvinChau-9d15fe8050d8f614cac819f3637b020e4d4e6495\Library\PackageCache\com.unity.xr.oculus@1.10.0\Runtime\OculusLoader.cs:250 
  at Unity.XR.Oculus.OculusLoader.EditorLoadOVRPlugin () [0x0007b] in C:\Users\ac01656\Desktop\vr-room-project-ArvinChau-9d15fe8050d8f614cac819f3637b020e4d4e6495\Library\PackageCache\com.unity.xr.oculus@1.10.0\Runtime\OculusLoader.cs:235 
  at (wrapper managed-to-native) System.Reflection.MonoMethod.InternalInvoke(System.Reflection.MonoMethod,object,object[],System.Exception&)
  at System.Reflection.MonoMethod.Invoke (System.Object obj, System.Reflection.BindingFlags invokeAttr, System.Reflection.Binder binder, System.Object[] parameters, System.Globalization.CultureInfo culture) [0x00032] in <695d1cc93cca45069c528c15c9fdd749>:0 
   --- End of inner exception stack trace ---
  at System.Reflection.MonoMethod.Invoke (System.Object obj, System.Reflection.BindingFlags invokeAttr, System.Reflection.Binder binder, System.Object[] parameters, System.Globalization.CultureInfo culture) [0x00048] in <695d1cc93cca45069c528c15c9fdd749>:0 
  at System.Reflection.MethodBase.Invoke (System.Object obj, System.Object[] parameters) [0x00000] in <695d1cc93cca45069c528c15c9fdd749>:0 
  at UnityEditor.EditorAssemblies.ProcessInitializeOnLoadMethodAttributes () [0x00047] in <83a38f5397d94e36a22efa3369c82390>:0 
UnityEngine.StackTraceUtility:ExtractStackTrace ()
UnityEngine.DebugLogHandler:LogFormat (UnityEngine.LogType,UnityEngine.Object,string,object[])
UnityEngine.Logger:Log (UnityEngine.LogType,object)
UnityEngine.Debug:LogError (object)
UnityEditor.EditorAssemblies:ProcessInitializeOnLoadMethodAttributes ()

Mono: successfully reloaded assembly
- Completed reload, in  1.220 seconds
Domain Reload Profiling:
	ReloadAssembly (1220ms)
		BeginReloadAssembly (129ms)
			ExecutionOrderSort (0ms)
			DisableScriptedObjects (6ms)
			BackupInstance (0ms)
			ReleaseScriptingObjects (0ms)
			CreateAndSetChildDomain (38ms)
		EndReloadAssembly (1029ms)
			LoadAssemblies (82ms)
			RebuildTransferFunctionScriptingTraits (0ms)
			SetupTypeCache (301ms)
			ReleaseScriptCaches (1ms)
			RebuildScriptCaches (42ms)
			SetupLoadedEditorAssemblies (342ms)
				LogAssemblyErrors (0ms)
				InitializePlatformSupportModulesInManaged (4ms)
				SetLoadedEditorAssemblies (0ms)
				RefreshPlugins (1ms)
				BeforeProcessingInitializeOnLoad (89ms)
				ProcessInitializeOnLoadAttributes (229ms)
				ProcessInitializeOnLoadMethodAttributes (13ms)
				AfterProcessingInitializeOnLoad (6ms)
				EditorAssembliesLoaded (0ms)
			ExecutionOrderSort2 (0ms)
			AwakeInstancesAfterBackupRestoration (17ms)
Platform modules already initialized, skipping
Refreshing native plugins compatible for Editor in 0.97 ms, found 10 plugins.
Preloading 1 native plugins for Editor in 0.08 ms.
Unloading 3460 Unused Serialized files (Serialized files now loaded: 0)
System memory in use before: 154.6 MB.
System memory in use after: 154.8 MB.

Unloading 32 unused Assets to reduce memory usage. Loaded Objects now: 4125.
Total: 3.834800 ms (FindLiveObjects: 0.400100 ms CreateObjectMapping: 0.161100 ms MarkObjects: 3.247000 ms  DeleteObjects: 0.025900 ms)

AssetImportParameters requested are different than current active one (requested -> active):
  custom:framework-win-MediaFoundation: 216162199b28c13a410421893ffa2e32 -> 
  custom:video-decoder-ogg-theora: a1e56fd34408186e4bbccfd4996cb3dc -> 
  custom:container-muxer-webm: aa71ff27fc2769a1b78a27578f13a17b -> 
  custom:container-demuxer-webm: 4f35f7cbe854078d1ac9338744f61a02 -> 
  custom:container-demuxer-ogg: 62fdf1f143b41e24485cea50d1cbac27 -> 
  custom:video-encoder-webm-vp8: eb34c28f22e8b96e1ab97ce403110664 -> 
  custom:video-codec-MediaFoundation-h265: 746d11721c4dcdbdad8f713fa42b33f4 -> 
  custom:video-decoder-webm-vp8: 9c59270c3fd7afecdb556c50c9e8de78 -> 
  custom:audio-decoder-ogg-vorbis: bf7c407c2cedff20999df2af8eb42d56 -> 
  custom:audio-encoder-webm-vorbis: bf7c407c2cedff20999df2af8eb42d56 -> 
========================================================================
Received Prepare
Registering precompiled user dll's ...
Registered in 0.007084 seconds.
Begin MonoManager ReloadAssembly
Native extension for WindowsStandalone target not found
Refreshing native plugins compatible for Editor in 1.51 ms, found 10 plugins.
Preloading 1 native plugins for Editor in 0.23 ms.
System.Reflection.TargetInvocationException: Exception has been thrown by the target of an invocation. ---> System.NullReferenceException: Object reference not set to an instance of an object
  at Unity.XR.Oculus.OculusLoader.AssetPathToAbsolutePath (System.String assetPath) [0x00048] in C:\Users\ac01656\Desktop\vr-room-project-ArvinChau-9d15fe8050d8f614cac819f3637b020e4d4e6495\Library\PackageCache\com.unity.xr.oculus@1.10.0\Runtime\OculusLoader.cs:250 
  at Unity.XR.Oculus.OculusLoader.EditorLoadOVRPlugin () [0x0007b] in C:\Users\ac01656\Desktop\vr-room-project-ArvinChau-9d15fe8050d8f614cac819f3637b020e4d4e6495\Library\PackageCache\com.unity.xr.oculus@1.10.0\Runtime\OculusLoader.cs:235 
  at (wrapper managed-to-native) System.Reflection.MonoMethod.InternalInvoke(System.Reflection.MonoMethod,object,object[],System.Exception&)
  at System.Reflection.MonoMethod.Invoke (System.Object obj, System.Reflection.BindingFlags invokeAttr, System.Reflection.Binder binder, System.Object[] parameters, System.Globalization.CultureInfo culture) [0x00032] in <695d1cc93cca45069c528c15c9fdd749>:0 
   --- End of inner exception stack trace ---
  at System.Reflection.MonoMethod.Invoke (System.Object obj, System.Reflection.BindingFlags invokeAttr, System.Reflection.Binder binder, System.Object[] parameters, System.Globalization.CultureInfo culture) [0x00048] in <695d1cc93cca45069c528c15c9fdd749>:0 
  at System.Reflection.MethodBase.Invoke (System.Object obj, System.Object[] parameters) [0x00000] in <695d1cc93cca45069c528c15c9fdd749>:0 
  at UnityEditor.EditorAssemblies.ProcessInitializeOnLoadMethodAttributes () [0x00047] in <83a38f5397d94e36a22efa3369c82390>:0 
UnityEngine.StackTraceUtility:ExtractStackTrace ()
UnityEngine.DebugLogHandler:LogFormat (UnityEngine.LogType,UnityEngine.Object,string,object[])
UnityEngine.Logger:Log (UnityEngine.LogType,object)
UnityEngine.Debug:LogError (object)
UnityEditor.EditorAssemblies:ProcessInitializeOnLoadMethodAttributes ()

Mono: successfully reloaded assembly
- Completed reload, in  1.173 seconds
Domain Reload Profiling:
	ReloadAssembly (1173ms)
		BeginReloadAssembly (107ms)
			ExecutionOrderSort (0ms)
			DisableScriptedObjects (4ms)
			BackupInstance (0ms)
			ReleaseScriptingObjects (0ms)
			CreateAndSetChildDomain (36ms)
		EndReloadAssembly (1008ms)
			LoadAssemblies (90ms)
			RebuildTransferFunctionScriptingTraits (0ms)
			SetupTypeCache (368ms)
			ReleaseScriptCaches (1ms)
			RebuildScriptCaches (41ms)
			SetupLoadedEditorAssemblies (346ms)
				LogAssemblyErrors (0ms)
				InitializePlatformSupportModulesInManaged (6ms)
				SetLoadedEditorAssemblies (1ms)
				RefreshPlugins (2ms)
				BeforeProcessingInitializeOnLoad (94ms)
				ProcessInitializeOnLoadAttributes (226ms)
				ProcessInitializeOnLoadMethodAttributes (12ms)
				AfterProcessingInitializeOnLoad (5ms)
				EditorAssembliesLoaded (0ms)
			ExecutionOrderSort2 (0ms)
			AwakeInstancesAfterBackupRestoration (15ms)
Platform modules already initialized, skipping
Refreshing native plugins compatible for Editor in 0.88 ms, found 10 plugins.
Preloading 1 native plugins for Editor in 0.07 ms.
Unloading 3461 Unused Serialized files (Serialized files now loaded: 0)
System memory in use before: 154.7 MB.
System memory in use after: 154.9 MB.

Unloading 32 unused Assets to reduce memory usage. Loaded Objects now: 4129.
Total: 4.251200 ms (FindLiveObjects: 0.596500 ms CreateObjectMapping: 0.155900 ms MarkObjects: 3.473000 ms  DeleteObjects: 0.024900 ms)

AssetImportParameters requested are different than current active one (requested -> active):
  custom:framework-win-MediaFoundation: 216162199b28c13a410421893ffa2e32 -> 
  custom:video-decoder-ogg-theora: a1e56fd34408186e4bbccfd4996cb3dc -> 
  custom:container-muxer-webm: aa71ff27fc2769a1b78a27578f13a17b -> 
  custom:container-demuxer-webm: 4f35f7cbe854078d1ac9338744f61a02 -> 
  custom:container-demuxer-ogg: 62fdf1f143b41e24485cea50d1cbac27 -> 
  custom:video-encoder-webm-vp8: eb34c28f22e8b96e1ab97ce403110664 -> 
  custom:video-codec-MediaFoundation-h265: 746d11721c4dcdbdad8f713fa42b33f4 -> 
  custom:video-decoder-webm-vp8: 9c59270c3fd7afecdb556c50c9e8de78 -> 
  custom:audio-decoder-ogg-vorbis: bf7c407c2cedff20999df2af8eb42d56 -> 
  custom:audio-encoder-webm-vorbis: bf7c407c2cedff20999df2af8eb42d56 -> 
========================================================================
Received Prepare
Registering precompiled user dll's ...
Registered in 0.011558 seconds.
Begin MonoManager ReloadAssembly
Native extension for WindowsStandalone target not found
Refreshing native plugins compatible for Editor in 1.45 ms, found 10 plugins.
Preloading 1 native plugins for Editor in 0.21 ms.
System.Reflection.TargetInvocationException: Exception has been thrown by the target of an invocation. ---> System.NullReferenceException: Object reference not set to an instance of an object
  at Unity.XR.Oculus.OculusLoader.AssetPathToAbsolutePath (System.String assetPath) [0x00048] in C:\Users\ac01656\Desktop\vr-room-project-ArvinChau-9d15fe8050d8f614cac819f3637b020e4d4e6495\Library\PackageCache\com.unity.xr.oculus@1.10.0\Runtime\OculusLoader.cs:250 
  at Unity.XR.Oculus.OculusLoader.EditorLoadOVRPlugin () [0x0007b] in C:\Users\ac01656\Desktop\vr-room-project-ArvinChau-9d15fe8050d8f614cac819f3637b020e4d4e6495\Library\PackageCache\com.unity.xr.oculus@1.10.0\Runtime\OculusLoader.cs:235 
  at (wrapper managed-to-native) System.Reflection.MonoMethod.InternalInvoke(System.Reflection.MonoMethod,object,object[],System.Exception&)
  at System.Reflection.MonoMethod.Invoke (System.Object obj, System.Reflection.BindingFlags invokeAttr, System.Reflection.Binder binder, System.Object[] parameters, System.Globalization.CultureInfo culture) [0x00032] in <695d1cc93cca45069c528c15c9fdd749>:0 
   --- End of inner exception stack trace ---
  at System.Reflection.MonoMethod.Invoke (System.Object obj, System.Reflection.BindingFlags invokeAttr, System.Reflection.Binder binder, System.Object[] parameters, System.Globalization.CultureInfo culture) [0x00048] in <695d1cc93cca45069c528c15c9fdd749>:0 
  at System.Reflection.MethodBase.Invoke (System.Object obj, System.Object[] parameters) [0x00000] in <695d1cc93cca45069c528c15c9fdd749>:0 
  at UnityEditor.EditorAssemblies.ProcessInitializeOnLoadMethodAttributes () [0x00047] in <83a38f5397d94e36a22efa3369c82390>:0 
UnityEngine.StackTraceUtility:ExtractStackTrace ()
UnityEngine.DebugLogHandler:LogFormat (UnityEngine.LogType,UnityEngine.Object,string,object[])
UnityEngine.Logger:Log (UnityEngine.LogType,object)
UnityEngine.Debug:LogError (object)
UnityEditor.EditorAssemblies:ProcessInitializeOnLoadMethodAttributes ()

Mono: successfully reloaded assembly
- Completed reload, in  1.744 seconds
Domain Reload Profiling:
	ReloadAssembly (1745ms)
		BeginReloadAssembly (162ms)
			ExecutionOrderSort (0ms)
			DisableScriptedObjects (6ms)
			BackupInstance (0ms)
			ReleaseScriptingObjects (0ms)
			CreateAndSetChildDomain (60ms)
		EndReloadAssembly (1483ms)
			LoadAssemblies (130ms)
			RebuildTransferFunctionScriptingTraits (0ms)
			SetupTypeCache (479ms)
			ReleaseScriptCaches (2ms)
			RebuildScriptCaches (60ms)
			SetupLoadedEditorAssemblies (571ms)
				LogAssemblyErrors (0ms)
				InitializePlatformSupportModulesInManaged (8ms)
				SetLoadedEditorAssemblies (1ms)
				RefreshPlugins (2ms)
				BeforeProcessingInitializeOnLoad (174ms)
				ProcessInitializeOnLoadAttributes (359ms)
				ProcessInitializeOnLoadMethodAttributes (18ms)
				AfterProcessingInitializeOnLoad (9ms)
				EditorAssembliesLoaded (0ms)
			ExecutionOrderSort2 (0ms)
			AwakeInstancesAfterBackupRestoration (25ms)
Platform modules already initialized, skipping
Refreshing native plugins compatible for Editor in 1.28 ms, found 10 plugins.
Preloading 1 native plugins for Editor in 0.12 ms.
Unloading 3461 Unused Serialized files (Serialized files now loaded: 0)
System memory in use before: 154.7 MB.
System memory in use after: 155.0 MB.

Unloading 32 unused Assets to reduce memory usage. Loaded Objects now: 4132.
Total: 6.141400 ms (FindLiveObjects: 0.474600 ms CreateObjectMapping: 0.300900 ms MarkObjects: 5.314200 ms  DeleteObjects: 0.049200 ms)

AssetImportParameters requested are different than current active one (requested -> active):
  custom:framework-win-MediaFoundation: 216162199b28c13a410421893ffa2e32 -> 
  custom:video-decoder-ogg-theora: a1e56fd34408186e4bbccfd4996cb3dc -> 
  custom:container-muxer-webm: aa71ff27fc2769a1b78a27578f13a17b -> 
  custom:container-demuxer-webm: 4f35f7cbe854078d1ac9338744f61a02 -> 
  custom:container-demuxer-ogg: 62fdf1f143b41e24485cea50d1cbac27 -> 
  custom:video-encoder-webm-vp8: eb34c28f22e8b96e1ab97ce403110664 -> 
  custom:video-codec-MediaFoundation-h265: 746d11721c4dcdbdad8f713fa42b33f4 -> 
  custom:video-decoder-webm-vp8: 9c59270c3fd7afecdb556c50c9e8de78 -> 
  custom:audio-decoder-ogg-vorbis: bf7c407c2cedff20999df2af8eb42d56 -> 
  custom:audio-encoder-webm-vorbis: bf7c407c2cedff20999df2af8eb42d56 -> 
========================================================================
Received Prepare
Registering precompiled user dll's ...
Registered in 0.009367 seconds.
Begin MonoManager ReloadAssembly
Native extension for WindowsStandalone target not found
Refreshing native plugins compatible for Editor in 1.19 ms, found 10 plugins.
Preloading 1 native plugins for Editor in 0.11 ms.
System.Reflection.TargetInvocationException: Exception has been thrown by the target of an invocation. ---> System.NullReferenceException: Object reference not set to an instance of an object
  at Unity.XR.Oculus.OculusLoader.AssetPathToAbsolutePath (System.String assetPath) [0x00048] in C:\Users\ac01656\Desktop\vr-room-project-ArvinChau-9d15fe8050d8f614cac819f3637b020e4d4e6495\Library\PackageCache\com.unity.xr.oculus@1.10.0\Runtime\OculusLoader.cs:250 
  at Unity.XR.Oculus.OculusLoader.EditorLoadOVRPlugin () [0x0007b] in C:\Users\ac01656\Desktop\vr-room-project-ArvinChau-9d15fe8050d8f614cac819f3637b020e4d4e6495\Library\PackageCache\com.unity.xr.oculus@1.10.0\Runtime\OculusLoader.cs:235 
  at (wrapper managed-to-native) System.Reflection.MonoMethod.InternalInvoke(System.Reflection.MonoMethod,object,object[],System.Exception&)
  at System.Reflection.MonoMethod.Invoke (System.Object obj, System.Reflection.BindingFlags invokeAttr, System.Reflection.Binder binder, System.Object[] parameters, System.Globalization.CultureInfo culture) [0x00032] in <695d1cc93cca45069c528c15c9fdd749>:0 
   --- End of inner exception stack trace ---
  at System.Reflection.MonoMethod.Invoke (System.Object obj, System.Reflection.BindingFlags invokeAttr, System.Reflection.Binder binder, System.Object[] parameters, System.Globalization.CultureInfo culture) [0x00048] in <695d1cc93cca45069c528c15c9fdd749>:0 
  at System.Reflection.MethodBase.Invoke (System.Object obj, System.Object[] parameters) [0x00000] in <695d1cc93cca45069c528c15c9fdd749>:0 
  at UnityEditor.EditorAssemblies.ProcessInitializeOnLoadMethodAttributes () [0x00047] in <83a38f5397d94e36a22efa3369c82390>:0 
UnityEngine.StackTraceUtility:ExtractStackTrace ()
UnityEngine.DebugLogHandler:LogFormat (UnityEngine.LogType,UnityEngine.Object,string,object[])
UnityEngine.Logger:Log (UnityEngine.LogType,object)
UnityEngine.Debug:LogError (object)
UnityEditor.EditorAssemblies:ProcessInitializeOnLoadMethodAttributes ()

Mono: successfully reloaded assembly
- Completed reload, in  1.828 seconds
Domain Reload Profiling:
	ReloadAssembly (1829ms)
		BeginReloadAssembly (182ms)
			ExecutionOrderSort (0ms)
			DisableScriptedObjects (8ms)
			BackupInstance (0ms)
			ReleaseScriptingObjects (0ms)
			CreateAndSetChildDomain (58ms)
		EndReloadAssembly (1512ms)
			LoadAssemblies (183ms)
			RebuildTransferFunctionScriptingTraits (0ms)
			SetupTypeCache (516ms)
			ReleaseScriptCaches (2ms)
			RebuildScriptCaches (62ms)
			SetupLoadedEditorAssemblies (518ms)
				LogAssemblyErrors (0ms)
				InitializePlatformSupportModulesInManaged (6ms)
				SetLoadedEditorAssemblies (1ms)
				RefreshPlugins (1ms)
				BeforeProcessingInitializeOnLoad (141ms)
				ProcessInitializeOnLoadAttributes (341ms)
				ProcessInitializeOnLoadMethodAttributes (18ms)
				AfterProcessingInitializeOnLoad (9ms)
				EditorAssembliesLoaded (0ms)
			ExecutionOrderSort2 (0ms)
			AwakeInstancesAfterBackupRestoration (21ms)
Platform modules already initialized, skipping
Refreshing native plugins compatible for Editor in 1.21 ms, found 10 plugins.
Preloading 1 native plugins for Editor in 0.11 ms.
Unloading 3461 Unused Serialized files (Serialized files now loaded: 0)
System memory in use before: 154.7 MB.
System memory in use after: 155.0 MB.

Unloading 32 unused Assets to reduce memory usage. Loaded Objects now: 4135.
Total: 5.148700 ms (FindLiveObjects: 0.422200 ms CreateObjectMapping: 0.207300 ms MarkObjects: 4.484000 ms  DeleteObjects: 0.034300 ms)

AssetImportParameters requested are different than current active one (requested -> active):
  custom:framework-win-MediaFoundation: 216162199b28c13a410421893ffa2e32 -> 
  custom:video-decoder-ogg-theora: a1e56fd34408186e4bbccfd4996cb3dc -> 
  custom:container-muxer-webm: aa71ff27fc2769a1b78a27578f13a17b -> 
  custom:container-demuxer-webm: 4f35f7cbe854078d1ac9338744f61a02 -> 
  custom:container-demuxer-ogg: 62fdf1f143b41e24485cea50d1cbac27 -> 
  custom:video-encoder-webm-vp8: eb34c28f22e8b96e1ab97ce403110664 -> 
  custom:video-codec-MediaFoundation-h265: 746d11721c4dcdbdad8f713fa42b33f4 -> 
  custom:video-decoder-webm-vp8: 9c59270c3fd7afecdb556c50c9e8de78 -> 
  custom:audio-decoder-ogg-vorbis: bf7c407c2cedff20999df2af8eb42d56 -> 
  custom:audio-encoder-webm-vorbis: bf7c407c2cedff20999df2af8eb42d56 -> 
========================================================================
Received Prepare
Registering precompiled user dll's ...
Registered in 0.009348 seconds.
Begin MonoManager ReloadAssembly
Native extension for WindowsStandalone target not found
Refreshing native plugins compatible for Editor in 0.95 ms, found 10 plugins.
Preloading 1 native plugins for Editor in 0.09 ms.
System.Reflection.TargetInvocationException: Exception has been thrown by the target of an invocation. ---> System.NullReferenceException: Object reference not set to an instance of an object
  at Unity.XR.Oculus.OculusLoader.AssetPathToAbsolutePath (System.String assetPath) [0x00048] in C:\Users\ac01656\Desktop\vr-room-project-ArvinChau-9d15fe8050d8f614cac819f3637b020e4d4e6495\Library\PackageCache\com.unity.xr.oculus@1.10.0\Runtime\OculusLoader.cs:250 
  at Unity.XR.Oculus.OculusLoader.EditorLoadOVRPlugin () [0x0007b] in C:\Users\ac01656\Desktop\vr-room-project-ArvinChau-9d15fe8050d8f614cac819f3637b020e4d4e6495\Library\PackageCache\com.unity.xr.oculus@1.10.0\Runtime\OculusLoader.cs:235 
  at (wrapper managed-to-native) System.Reflection.MonoMethod.InternalInvoke(System.Reflection.MonoMethod,object,object[],System.Exception&)
  at System.Reflection.MonoMethod.Invoke (System.Object obj, System.Reflection.BindingFlags invokeAttr, System.Reflection.Binder binder, System.Object[] parameters, System.Globalization.CultureInfo culture) [0x00032] in <695d1cc93cca45069c528c15c9fdd749>:0 
   --- End of inner exception stack trace ---
  at System.Reflection.MonoMethod.Invoke (System.Object obj, System.Reflection.BindingFlags invokeAttr, System.Reflection.Binder binder, System.Object[] parameters, System.Globalization.CultureInfo culture) [0x00048] in <695d1cc93cca45069c528c15c9fdd749>:0 
  at System.Reflection.MethodBase.Invoke (System.Object obj, System.Object[] parameters) [0x00000] in <695d1cc93cca45069c528c15c9fdd749>:0 
  at UnityEditor.EditorAssemblies.ProcessInitializeOnLoadMethodAttributes () [0x00047] in <83a38f5397d94e36a22efa3369c82390>:0 
UnityEngine.StackTraceUtility:ExtractStackTrace ()
UnityEngine.DebugLogHandler:LogFormat (UnityEngine.LogType,UnityEngine.Object,string,object[])
UnityEngine.Logger:Log (UnityEngine.LogType,object)
UnityEngine.Debug:LogError (object)
UnityEditor.EditorAssemblies:ProcessInitializeOnLoadMethodAttributes ()

Mono: successfully reloaded assembly
- Completed reload, in  1.143 seconds
Domain Reload Profiling:
	ReloadAssembly (1143ms)
		BeginReloadAssembly (124ms)
			ExecutionOrderSort (0ms)
			DisableScriptedObjects (4ms)
			BackupInstance (0ms)
			ReleaseScriptingObjects (0ms)
			CreateAndSetChildDomain (41ms)
		EndReloadAssembly (962ms)
			LoadAssemblies (105ms)
			RebuildTransferFunctionScriptingTraits (0ms)
			SetupTypeCache (302ms)
			ReleaseScriptCaches (1ms)
			RebuildScriptCaches (41ms)
			SetupLoadedEditorAssemblies (368ms)
				LogAssemblyErrors (0ms)
				InitializePlatformSupportModulesInManaged (4ms)
				SetLoadedEditorAssemblies (0ms)
				RefreshPlugins (1ms)
				BeforeProcessingInitializeOnLoad (99ms)
				ProcessInitializeOnLoadAttributes (244ms)
				ProcessInitializeOnLoadMethodAttributes (12ms)
				AfterProcessingInitializeOnLoad (6ms)
				EditorAssembliesLoaded (0ms)
			ExecutionOrderSort2 (0ms)
			AwakeInstancesAfterBackupRestoration (15ms)
Platform modules already initialized, skipping
Refreshing native plugins compatible for Editor in 1.15 ms, found 10 plugins.
Preloading 1 native plugins for Editor in 0.07 ms.
Unloading 3461 Unused Serialized files (Serialized files now loaded: 0)
System memory in use before: 154.8 MB.
System memory in use after: 155.0 MB.

Unloading 32 unused Assets to reduce memory usage. Loaded Objects now: 4138.
Total: 4.040000 ms (FindLiveObjects: 0.373700 ms CreateObjectMapping: 0.163500 ms MarkObjects: 3.480300 ms  DeleteObjects: 0.021200 ms)

AssetImportParameters requested are different than current active one (requested -> active):
  custom:framework-win-MediaFoundation: 216162199b28c13a410421893ffa2e32 -> 
  custom:video-decoder-ogg-theora: a1e56fd34408186e4bbccfd4996cb3dc -> 
  custom:container-muxer-webm: aa71ff27fc2769a1b78a27578f13a17b -> 
  custom:container-demuxer-webm: 4f35f7cbe854078d1ac9338744f61a02 -> 
  custom:container-demuxer-ogg: 62fdf1f143b41e24485cea50d1cbac27 -> 
  custom:video-encoder-webm-vp8: eb34c28f22e8b96e1ab97ce403110664 -> 
  custom:video-codec-MediaFoundation-h265: 746d11721c4dcdbdad8f713fa42b33f4 -> 
  custom:video-decoder-webm-vp8: 9c59270c3fd7afecdb556c50c9e8de78 -> 
  custom:audio-decoder-ogg-vorbis: bf7c407c2cedff20999df2af8eb42d56 -> 
  custom:audio-encoder-webm-vorbis: bf7c407c2cedff20999df2af8eb42d56 -> 
========================================================================
Received Prepare
Registering precompiled user dll's ...
Registered in 0.008144 seconds.
Begin MonoManager ReloadAssembly
Native extension for WindowsStandalone target not found
Refreshing native plugins compatible for Editor in 1.07 ms, found 10 plugins.
Preloading 1 native plugins for Editor in 0.11 ms.
System.Reflection.TargetInvocationException: Exception has been thrown by the target of an invocation. ---> System.NullReferenceException: Object reference not set to an instance of an object
  at Unity.XR.Oculus.OculusLoader.AssetPathToAbsolutePath (System.String assetPath) [0x00048] in C:\Users\ac01656\Desktop\vr-room-project-ArvinChau-9d15fe8050d8f614cac819f3637b020e4d4e6495\Library\PackageCache\com.unity.xr.oculus@1.10.0\Runtime\OculusLoader.cs:250 
  at Unity.XR.Oculus.OculusLoader.EditorLoadOVRPlugin () [0x0007b] in C:\Users\ac01656\Desktop\vr-room-project-ArvinChau-9d15fe8050d8f614cac819f3637b020e4d4e6495\Library\PackageCache\com.unity.xr.oculus@1.10.0\Runtime\OculusLoader.cs:235 
  at (wrapper managed-to-native) System.Reflection.MonoMethod.InternalInvoke(System.Reflection.MonoMethod,object,object[],System.Exception&)
  at System.Reflection.MonoMethod.Invoke (System.Object obj, System.Reflection.BindingFlags invokeAttr, System.Reflection.Binder binder, System.Object[] parameters, System.Globalization.CultureInfo culture) [0x00032] in <695d1cc93cca45069c528c15c9fdd749>:0 
   --- End of inner exception stack trace ---
  at System.Reflection.MonoMethod.Invoke (System.Object obj, System.Reflection.BindingFlags invokeAttr, System.Reflection.Binder binder, System.Object[] parameters, System.Globalization.CultureInfo culture) [0x00048] in <695d1cc93cca45069c528c15c9fdd749>:0 
  at System.Reflection.MethodBase.Invoke (System.Object obj, System.Object[] parameters) [0x00000] in <695d1cc93cca45069c528c15c9fdd749>:0 
  at UnityEditor.EditorAssemblies.ProcessInitializeOnLoadMethodAttributes () [0x00047] in <83a38f5397d94e36a22efa3369c82390>:0 
UnityEngine.StackTraceUtility:ExtractStackTrace ()
UnityEngine.DebugLogHandler:LogFormat (UnityEngine.LogType,UnityEngine.Object,string,object[])
UnityEngine.Logger:Log (UnityEngine.LogType,object)
UnityEngine.Debug:LogError (object)
UnityEditor.EditorAssemblies:ProcessInitializeOnLoadMethodAttributes ()

Mono: successfully reloaded assembly
- Completed reload, in  1.312 seconds
Domain Reload Profiling:
	ReloadAssembly (1313ms)
		BeginReloadAssembly (222ms)
			ExecutionOrderSort (0ms)
			DisableScriptedObjects (6ms)
			BackupInstance (0ms)
			ReleaseScriptingObjects (0ms)
			CreateAndSetChildDomain (85ms)
		EndReloadAssembly (991ms)
			LoadAssemblies (143ms)
			RebuildTransferFunctionScriptingTraits (0ms)
			SetupTypeCache (335ms)
			ReleaseScriptCaches (1ms)
			RebuildScriptCaches (44ms)
			SetupLoadedEditorAssemblies (358ms)
				LogAssemblyErrors (0ms)
				InitializePlatformSupportModulesInManaged (4ms)
				SetLoadedEditorAssemblies (0ms)
				RefreshPlugins (1ms)
				BeforeProcessingInitializeOnLoad (96ms)
				ProcessInitializeOnLoadAttributes (238ms)
				ProcessInitializeOnLoadMethodAttributes (12ms)
				AfterProcessingInitializeOnLoad (6ms)
				EditorAssembliesLoaded (0ms)
			ExecutionOrderSort2 (0ms)
			AwakeInstancesAfterBackupRestoration (15ms)
Platform modules already initialized, skipping
Refreshing native plugins compatible for Editor in 0.95 ms, found 10 plugins.
Preloading 1 native plugins for Editor in 0.08 ms.
Unloading 3461 Unused Serialized files (Serialized files now loaded: 0)
System memory in use before: 154.8 MB.
System memory in use after: 155.0 MB.

Unloading 32 unused Assets to reduce memory usage. Loaded Objects now: 4141.
Total: 4.450400 ms (FindLiveObjects: 0.329600 ms CreateObjectMapping: 0.127900 ms MarkObjects: 3.924100 ms  DeleteObjects: 0.068000 ms)

AssetImportParameters requested are different than current active one (requested -> active):
  custom:framework-win-MediaFoundation: 216162199b28c13a410421893ffa2e32 -> 
  custom:video-decoder-ogg-theora: a1e56fd34408186e4bbccfd4996cb3dc -> 
  custom:container-muxer-webm: aa71ff27fc2769a1b78a27578f13a17b -> 
  custom:container-demuxer-webm: 4f35f7cbe854078d1ac9338744f61a02 -> 
  custom:container-demuxer-ogg: 62fdf1f143b41e24485cea50d1cbac27 -> 
  custom:video-encoder-webm-vp8: eb34c28f22e8b96e1ab97ce403110664 -> 
  custom:video-codec-MediaFoundation-h265: 746d11721c4dcdbdad8f713fa42b33f4 -> 
  custom:video-decoder-webm-vp8: 9c59270c3fd7afecdb556c50c9e8de78 -> 
  custom:audio-decoder-ogg-vorbis: bf7c407c2cedff20999df2af8eb42d56 -> 
  custom:audio-encoder-webm-vorbis: bf7c407c2cedff20999df2af8eb42d56 -> 
AssetImportWorkerClient::OnTransportError - code=2 error=End of file
